2017-03-20 22:17:30,072 - __main__ - INFO - Running...
2017-03-20 22:18:32,365 - __main__ - INFO - Running...
2017-03-20 22:20:03,443 - __main__ - INFO - Running...
2017-03-20 22:30:49,883 - __main__ - INFO - Running...
2017-03-20 22:32:38,306 - __main__ - INFO - Running...
2017-03-20 22:33:18,344 - __main__ - INFO - Running...
2017-03-20 22:33:55,300 - __main__ - INFO - Running...
2017-03-20 22:34:25,427 - __main__ - INFO - Running...
2017-03-20 22:35:23,750 - __main__ - INFO - Running...
2017-03-20 22:36:26,666 - __main__ - INFO - Running...
2017-03-20 22:36:58,540 - __main__ - INFO - Running...
2017-03-20 22:37:16,225 - __main__ - INFO - Running...
2017-03-20 22:38:03,687 - __main__ - INFO - Running...
2017-03-20 22:39:42,946 - __main__ - INFO - Running...
2017-03-20 22:40:24,884 - __main__ - INFO - Running...
2017-03-20 22:41:39,393 - __main__ - INFO - Running...
2017-03-20 22:43:15,822 - __main__ - INFO - Running...
2017-03-20 22:46:51,468 - __main__ - INFO - Running...
2017-03-20 22:52:10,518 - __main__ - INFO - Running...
2017-03-20 22:52:37,989 - __main__ - INFO - Running...
2017-03-20 22:54:24,285 - __main__ - INFO - Running...
2017-03-20 22:57:10,624 - __main__ - INFO - Running...
2017-03-20 22:58:05,661 - __main__ - INFO - Running...
2017-03-20 22:58:25,896 - __main__ - INFO - Running...
2017-03-20 22:59:32,538 - __main__ - INFO - Running...
2017-03-20 22:59:36,144 - __main__ - INFO - Running...
2017-03-20 23:02:03,686 - __main__ - INFO - Running...
2017-03-20 23:02:21,856 - __main__ - INFO - Running...
2017-03-20 23:03:07,708 - __main__ - INFO - Running...
2017-03-20 23:04:12,080 - __main__ - INFO - Running...
2017-03-20 23:04:40,018 - __main__ - INFO - Running...
2017-03-20 23:10:57,080 - __main__ - INFO - Running...
2017-03-20 23:12:01,432 - __main__ - INFO - Running...
2017-03-20 23:14:20,990 - __main__ - INFO - Running...
2017-03-20 23:20:24,878 - __main__ - INFO - Running...
2017-03-20 23:21:36,060 - __main__ - INFO - Running...
2017-03-20 23:24:39,558 - __main__ - INFO - Running...
2017-03-21 21:10:43,593 - __main__ - INFO - Running...
2017-03-21 21:14:08,933 - __main__ - INFO - Running...
2017-03-21 21:32:20,193 - __main__ - INFO - Running...
2017-03-21 21:32:46,874 - __main__ - INFO - Running...
2017-03-21 21:33:57,490 - __main__ - INFO - Running...
2017-03-21 21:34:28,183 - __main__ - INFO - Running...
2017-03-21 21:35:36,308 - __main__ - INFO - Running...
2017-03-21 21:36:03,604 - __main__ - INFO - Running...
2017-03-21 21:36:40,523 - __main__ - INFO - Running...
2017-03-21 21:39:00,954 - __main__ - INFO - Running...
2017-03-21 21:39:21,518 - __main__ - INFO - Running...
2017-03-21 21:41:49,999 - __main__ - INFO - Running...
2017-03-21 21:42:27,149 - __main__ - INFO - Running...
2017-03-21 21:49:30,398 - __main__ - INFO - Running...
2017-03-21 21:50:24,665 - __main__ - INFO - Running...
2017-03-21 22:02:30,762 - __main__ - INFO - Running...
2017-03-21 22:03:17,740 - __main__ - INFO - Running...
2017-03-21 22:06:54,428 - __main__ - INFO - Running...
2017-03-21 22:07:32,943 - __main__ - INFO - Running...
2017-03-21 22:08:54,546 - __main__ - INFO - Running...
2017-03-21 22:09:57,747 - __main__ - INFO - Running...
2017-03-21 22:10:10,472 - __main__ - INFO - Running...
2017-03-21 22:12:04,752 - __main__ - INFO - Running...
2017-03-21 22:18:18,169 - __main__ - INFO - Running...
2017-03-21 22:20:34,211 - __main__ - INFO - Running...
2017-03-21 22:22:49,289 - __main__ - INFO - Running...
2017-03-21 22:23:16,915 - __main__ - INFO - Running...
2017-03-21 22:24:29,897 - __main__ - INFO - Running...
2017-03-21 22:25:12,523 - __main__ - INFO - Running...
2017-03-21 22:25:57,689 - __main__ - INFO - Running...
2017-03-21 22:26:46,882 - __main__ - INFO - Running...
2017-03-21 22:27:09,231 - __main__ - INFO - Running...
2017-03-21 22:29:59,078 - __main__ - INFO - Running...
2017-03-24 19:55:59,734 - logger - DEBUG - Now: 19:55
2017-03-24 19:55:59,736 - logger - DEBUG - Lock from: 19:55 to 19:58
2017-03-25 00:36:22,812 - logger - DEBUG - Now: 0:36
2017-03-25 00:36:22,812 - logger - DEBUG - Lock from: 22:15 to 6:0
2017-03-25 00:36:22,812 - logger - DEBUG - Now: 0:36
2017-03-25 00:36:22,812 - logger - DEBUG - Lock from: 22:15 to 6:0
2017-03-25 00:36:22,813 - logger - DEBUG - Lock from: 22:15 to 6:0
2017-03-25 00:37:32,845 - logger - DEBUG - Now: 0:37
2017-03-25 00:37:32,846 - logger - DEBUG - Lock from: 22:15 to 6:0
2017-03-25 00:37:32,846 - logger - DEBUG - Lock from: 22:15 to 6:0
2017-03-25 00:37:32,846 - logger - DEBUG - Now: 0:37
2017-03-25 00:37:32,846 - logger - DEBUG - Lock from: 22:15 to 6:0
2017-03-25 00:37:32,847 - logger - DEBUG - Lock from: 22:15 to 6:0
2017-03-25 00:37:32,847 - logger - DEBUG - Now: 22:30
2017-03-25 00:37:32,847 - logger - DEBUG - Lock from: 22:15 to 6:0
2017-03-25 00:37:40,667 - logger - DEBUG - Now: 0:37
2017-03-25 00:37:40,667 - logger - DEBUG - Lock from: 22:15 to 6:0
2017-03-25 00:37:40,667 - logger - DEBUG - Lock from: 22:15 to 6:0
2017-03-25 00:37:40,667 - logger - DEBUG - Now: 0:37
2017-03-25 00:37:40,668 - logger - DEBUG - Lock from: 22:15 to 6:0
2017-03-25 00:37:40,668 - logger - DEBUG - Lock from: 22:15 to 6:0
2017-03-25 00:37:40,668 - logger - DEBUG - Now: 22:30
2017-03-25 00:37:40,668 - logger - DEBUG - Lock from: 22:15 to 6:0
2017-03-25 00:37:40,668 - logger - DEBUG - Lock from: 22:15 to 6:0
2017-03-25 00:39:26,238 - logger - DEBUG - Now: 0:39
2017-03-25 00:39:26,238 - logger - DEBUG - Lock from: 22:15 to 6:0
2017-03-25 00:39:26,238 - logger - DEBUG - Lock from: 22:15 to 6:0
2017-03-25 00:39:26,239 - logger - DEBUG - Now: 0:39
2017-03-25 00:39:26,239 - logger - DEBUG - Lock from: 22:15 to 6:0
2017-03-25 00:39:26,239 - logger - DEBUG - Lock from: 22:15 to 6:0
2017-03-25 00:39:26,239 - logger - DEBUG - Now: 22:30
2017-03-25 00:39:26,239 - logger - DEBUG - Lock from: 22:15 to 6:0
2017-03-25 00:39:26,239 - logger - DEBUG - Lock from: 22:15 to 6:0
2017-03-25 00:39:26,239 - logger - DEBUG - Now: 0:39
2017-03-25 00:39:26,240 - logger - DEBUG - Lock from: 22:15 to 6:0
2017-03-25 00:42:06,969 - logger - DEBUG - Now: 21:0
2017-03-25 00:42:06,969 - logger - DEBUG - Lock from: 22:15 to 6:0
2017-03-25 00:42:06,969 - logger - DEBUG - Lock from: 22:15 to 6:0
2017-03-25 00:42:06,969 - logger - DEBUG - Now: 22:0
2017-03-25 00:42:06,969 - logger - DEBUG - Lock from: 22:15 to 6:0
2017-03-25 00:42:06,969 - logger - DEBUG - Lock from: 22:15 to 6:0
2017-03-25 00:42:06,970 - logger - DEBUG - Now: 22:30
2017-03-25 00:42:06,970 - logger - DEBUG - Lock from: 22:15 to 6:0
2017-03-25 00:42:06,970 - logger - DEBUG - Lock from: 22:15 to 6:0
2017-03-25 00:42:06,970 - logger - DEBUG - Now: 23:0
2017-03-25 00:42:06,970 - logger - DEBUG - Lock from: 22:15 to 6:0
2017-03-25 00:42:06,970 - logger - DEBUG - Lock from: 22:15 to 6:0
2017-03-25 00:42:06,971 - logger - DEBUG - Now: 1:0
2017-03-25 00:42:06,971 - logger - DEBUG - Lock from: 22:15 to 6:0
2017-03-25 00:42:06,971 - logger - DEBUG - Lock from: 22:15 to 6:0
2017-03-25 00:42:18,626 - logger - DEBUG - Now: 21:0
2017-03-25 00:42:18,626 - logger - DEBUG - Lock from: 22:15 to 6:0
2017-03-25 00:42:18,627 - logger - DEBUG - Lock from: 22:15 to 6:0
2017-03-25 00:42:18,627 - logger - DEBUG - Now: 22:0
2017-03-25 00:42:18,627 - logger - DEBUG - Lock from: 22:15 to 6:0
2017-03-25 00:42:18,627 - logger - DEBUG - Lock from: 22:15 to 6:0
2017-03-25 00:42:18,627 - logger - DEBUG - Now: 22:30
2017-03-25 00:42:18,627 - logger - DEBUG - Lock from: 22:15 to 6:0
2017-03-25 00:42:18,627 - logger - DEBUG - Lock from: 22:15 to 6:0
2017-03-25 00:42:18,628 - logger - DEBUG - Now: 23:0
2017-03-25 00:42:18,628 - logger - DEBUG - Lock from: 22:15 to 6:0
2017-03-25 00:42:18,628 - logger - DEBUG - Lock from: 22:15 to 6:0
2017-03-25 00:42:18,628 - logger - DEBUG - Now: 1:0
2017-03-25 00:42:18,629 - logger - DEBUG - Lock from: 22:15 to 6:0
2017-03-25 00:42:18,629 - logger - DEBUG - Lock from: 22:15 to 6:0
2017-03-25 00:43:23,788 - logger - DEBUG - Now: 21:0
2017-03-25 00:43:23,788 - logger - DEBUG - Lock from: 22:15 to 6:0
2017-03-25 00:43:23,789 - logger - DEBUG - Lock from: 22:15 to 6:0
2017-03-25 00:43:23,789 - logger - DEBUG - Now: 22:0
2017-03-25 00:43:23,789 - logger - DEBUG - Lock from: 22:15 to 6:0
2017-03-25 00:43:23,789 - logger - DEBUG - Lock from: 22:15 to 6:0
2017-03-25 00:43:23,789 - logger - DEBUG - Now: 22:30
2017-03-25 00:43:23,789 - logger - DEBUG - Lock from: 22:15 to 6:0
2017-03-25 00:43:23,790 - logger - DEBUG - Lock from: 22:15 to 6:0
2017-03-25 00:43:23,790 - logger - DEBUG - Now: 23:0
2017-03-25 00:43:23,790 - logger - DEBUG - Lock from: 22:15 to 6:0
2017-03-25 00:43:23,790 - logger - DEBUG - Lock from: 22:15 to 6:0
2017-03-25 00:43:23,790 - logger - DEBUG - Now: 1:0
2017-03-25 00:43:23,790 - logger - DEBUG - Lock from: 22:15 to 6:0
2017-03-25 00:43:23,790 - logger - DEBUG - Lock from: 22:15 to 6:0
2017-03-25 00:44:23,824 - logger - DEBUG - Now: 21:0
2017-03-25 00:44:23,824 - logger - DEBUG - Lock from: 22:15 to 6:0
2017-03-25 00:44:23,824 - logger - DEBUG - Now: 21:44
2017-03-25 00:44:23,824 - logger - DEBUG - Lock from: 22:15 to 6:0
2017-03-25 00:44:23,824 - logger - DEBUG - Now: 22:0
2017-03-25 00:44:23,824 - logger - DEBUG - Lock from: 22:15 to 6:0
2017-03-25 00:44:23,825 - logger - DEBUG - Now: 22:44
2017-03-25 00:44:23,825 - logger - DEBUG - Lock from: 22:15 to 6:0
2017-03-25 00:44:23,825 - logger - DEBUG - Now: 22:30
2017-03-25 00:44:23,825 - logger - DEBUG - Lock from: 22:15 to 6:0
2017-03-25 00:44:23,825 - logger - DEBUG - Now: 23:14
2017-03-25 00:44:23,825 - logger - DEBUG - Lock from: 22:15 to 6:0
2017-03-25 00:44:23,825 - logger - DEBUG - Now: 23:0
2017-03-25 00:44:23,825 - logger - DEBUG - Lock from: 22:15 to 6:0
2017-03-25 00:44:23,826 - logger - DEBUG - Now: 23:44
2017-03-25 00:44:23,826 - logger - DEBUG - Lock from: 22:15 to 6:0
2017-03-25 00:44:23,826 - logger - DEBUG - Now: 1:0
2017-03-25 00:44:23,826 - logger - DEBUG - Lock from: 22:15 to 6:0
2017-03-25 00:44:23,826 - logger - DEBUG - Now: 01:44
2017-03-25 00:44:23,826 - logger - DEBUG - Lock from: 22:15 to 6:0
2017-03-25 00:46:23,782 - logger - DEBUG - Now: 21:0
2017-03-25 00:46:23,783 - logger - DEBUG - Lock from: 22:15 to 6:0
2017-03-25 00:46:23,783 - logger - DEBUG - Now: 21:46
2017-03-25 00:46:23,783 - logger - DEBUG - Lock from: 25 23:01 to 26 06:46
2017-03-25 00:46:23,783 - logger - DEBUG - Now: 22:0
2017-03-25 00:46:23,783 - logger - DEBUG - Lock from: 22:15 to 6:0
2017-03-25 00:46:23,783 - logger - DEBUG - Now: 22:46
2017-03-25 00:46:23,784 - logger - DEBUG - Lock from: 25 23:01 to 26 06:46
2017-03-25 00:46:23,784 - logger - DEBUG - Now: 22:30
2017-03-25 00:46:23,784 - logger - DEBUG - Lock from: 22:15 to 6:0
2017-03-25 00:46:23,784 - logger - DEBUG - Now: 23:16
2017-03-25 00:46:23,784 - logger - DEBUG - Lock from: 25 23:01 to 26 06:46
2017-03-25 00:46:23,784 - logger - DEBUG - Now: 23:0
2017-03-25 00:46:23,784 - logger - DEBUG - Lock from: 22:15 to 6:0
2017-03-25 00:46:23,785 - logger - DEBUG - Now: 23:46
2017-03-25 00:46:23,785 - logger - DEBUG - Lock from: 25 23:01 to 26 06:46
2017-03-25 00:46:23,785 - logger - DEBUG - Now: 1:0
2017-03-25 00:46:23,785 - logger - DEBUG - Lock from: 22:15 to 6:0
2017-03-25 00:46:23,785 - logger - DEBUG - Now: 01:46
2017-03-25 00:46:23,785 - logger - DEBUG - Lock from: 25 23:01 to 26 06:46
2017-03-25 00:46:23,995 - logger - DEBUG - Now: 21:0
2017-03-25 00:46:23,995 - logger - DEBUG - Lock from: 22:15 to 6:0
2017-03-25 00:46:23,996 - logger - DEBUG - Now: 21:46
2017-03-25 00:46:23,996 - logger - DEBUG - Lock from: 25 23:01 to 26 06:46
2017-03-25 00:46:23,996 - logger - DEBUG - Now: 22:0
2017-03-25 00:46:23,996 - logger - DEBUG - Lock from: 22:15 to 6:0
2017-03-25 00:46:23,996 - logger - DEBUG - Now: 22:46
2017-03-25 00:46:23,996 - logger - DEBUG - Lock from: 25 23:01 to 26 06:46
2017-03-25 00:46:23,996 - logger - DEBUG - Now: 22:30
2017-03-25 00:46:23,997 - logger - DEBUG - Lock from: 22:15 to 6:0
2017-03-25 00:46:23,997 - logger - DEBUG - Now: 23:16
2017-03-25 00:46:23,997 - logger - DEBUG - Lock from: 25 23:01 to 26 06:46
2017-03-25 00:46:23,997 - logger - DEBUG - Now: 23:0
2017-03-25 00:46:23,997 - logger - DEBUG - Lock from: 22:15 to 6:0
2017-03-25 00:46:23,998 - logger - DEBUG - Now: 23:46
2017-03-25 00:46:23,998 - logger - DEBUG - Lock from: 25 23:01 to 26 06:46
2017-03-25 00:46:23,998 - logger - DEBUG - Now: 1:0
2017-03-25 00:46:23,998 - logger - DEBUG - Lock from: 22:15 to 6:0
2017-03-25 00:46:23,998 - logger - DEBUG - Now: 01:46
2017-03-25 00:46:23,998 - logger - DEBUG - Lock from: 25 23:01 to 26 06:46
2017-03-25 00:46:57,024 - logger - DEBUG - Now: 21:0
2017-03-25 00:46:57,024 - logger - DEBUG - Lock from: 22:15 to 6:0
2017-03-25 00:46:57,024 - logger - DEBUG - Now: 21:46
2017-03-25 00:46:57,025 - logger - DEBUG - Lock from: 25 23:01 to 26 06:46
2017-03-25 00:46:57,025 - logger - DEBUG - Now: 22:0
2017-03-25 00:46:57,025 - logger - DEBUG - Lock from: 22:15 to 6:0
2017-03-25 00:46:57,025 - logger - DEBUG - Now: 22:46
2017-03-25 00:46:57,025 - logger - DEBUG - Lock from: 25 23:01 to 26 06:46
2017-03-25 00:46:57,025 - logger - DEBUG - Now: 22:30
2017-03-25 00:46:57,026 - logger - DEBUG - Lock from: 22:15 to 6:0
2017-03-25 00:46:57,026 - logger - DEBUG - Now: 23:16
2017-03-25 00:46:57,026 - logger - DEBUG - Lock from: 25 23:01 to 26 06:46
2017-03-25 00:46:57,026 - logger - DEBUG - Now: 23:0
2017-03-25 00:46:57,026 - logger - DEBUG - Lock from: 22:15 to 6:0
2017-03-25 00:46:57,026 - logger - DEBUG - Now: 23:46
2017-03-25 00:46:57,027 - logger - DEBUG - Lock from: 25 23:01 to 26 06:46
2017-03-25 00:46:57,027 - logger - DEBUG - Now: 1:0
2017-03-25 00:46:57,027 - logger - DEBUG - Lock from: 22:15 to 6:0
2017-03-25 00:46:57,027 - logger - DEBUG - Now: 01:46
2017-03-25 00:46:57,027 - logger - DEBUG - Lock from: 25 23:01 to 26 06:46
2017-03-25 00:47:11,017 - logger - DEBUG - Now: 21:0
2017-03-25 00:47:11,017 - logger - DEBUG - Lock from: 22:15 to 6:0
2017-03-25 00:47:11,218 - logger - DEBUG - Now: 21:47
2017-03-25 00:47:11,218 - logger - DEBUG - Lock from: 25 23:02 to 26 06:47
2017-03-25 00:47:11,218 - logger - DEBUG - Now: 22:0
2017-03-25 00:47:11,218 - logger - DEBUG - Lock from: 22:15 to 6:0
2017-03-25 00:47:11,218 - logger - DEBUG - Now: 22:47
2017-03-25 00:47:11,219 - logger - DEBUG - Lock from: 25 23:02 to 26 06:47
2017-03-25 00:47:11,219 - logger - DEBUG - Now: 22:30
2017-03-25 00:47:11,219 - logger - DEBUG - Lock from: 22:15 to 6:0
2017-03-25 00:47:11,219 - logger - DEBUG - Now: 23:17
2017-03-25 00:47:11,219 - logger - DEBUG - Lock from: 25 23:02 to 26 06:47
2017-03-25 00:47:11,220 - logger - DEBUG - Now: 23:0
2017-03-25 00:47:11,220 - logger - DEBUG - Lock from: 22:15 to 6:0
2017-03-25 00:47:11,220 - logger - DEBUG - Now: 23:47
2017-03-25 00:47:11,220 - logger - DEBUG - Lock from: 25 23:02 to 26 06:47
2017-03-25 00:47:11,220 - logger - DEBUG - Now: 1:0
2017-03-25 00:47:11,221 - logger - DEBUG - Lock from: 22:15 to 6:0
2017-03-25 00:47:11,221 - logger - DEBUG - Now: 01:47
2017-03-25 00:47:11,221 - logger - DEBUG - Lock from: 25 23:02 to 26 06:47
2017-03-25 00:47:32,119 - logger - DEBUG - Now: 21:0
2017-03-25 00:47:32,119 - logger - DEBUG - Lock from: 22:15 to 6:0
2017-03-25 00:47:32,119 - logger - DEBUG - Now: 21:47
2017-03-25 00:47:32,119 - logger - DEBUG - Lock from: 25 23:02 to 26 06:47
2017-03-25 00:47:32,119 - logger - DEBUG - Now: 22:0
2017-03-25 00:47:32,119 - logger - DEBUG - Lock from: 22:15 to 6:0
2017-03-25 00:47:32,120 - logger - DEBUG - Now: 22:47
2017-03-25 00:47:32,120 - logger - DEBUG - Lock from: 25 23:02 to 26 06:47
2017-03-25 00:47:32,120 - logger - DEBUG - Now: 22:30
2017-03-25 00:47:32,120 - logger - DEBUG - Lock from: 22:15 to 6:0
2017-03-25 00:47:32,120 - logger - DEBUG - Now: 23:17
2017-03-25 00:47:32,120 - logger - DEBUG - Lock from: 25 23:02 to 26 06:47
2017-03-25 00:47:32,120 - logger - DEBUG - Now: 23:0
2017-03-25 00:47:32,121 - logger - DEBUG - Lock from: 22:15 to 6:0
2017-03-25 00:47:32,121 - logger - DEBUG - Now: 23:47
2017-03-25 00:47:32,121 - logger - DEBUG - Lock from: 25 23:02 to 26 06:47
2017-03-25 00:47:32,121 - logger - DEBUG - Now: 1:0
2017-03-25 00:47:32,121 - logger - DEBUG - Lock from: 22:15 to 6:0
2017-03-25 00:47:32,121 - logger - DEBUG - Now: 01:47
2017-03-25 00:47:32,122 - logger - DEBUG - Lock from: 25 23:02 to 26 06:47
2017-03-25 00:49:53,663 - logger - DEBUG - Now: 21:0
2017-03-25 00:49:53,663 - logger - DEBUG - Lock from: 22:15 to 6:0
2017-03-25 00:49:53,698 - logger - DEBUG - Now: 21:0
2017-03-25 00:49:53,699 - logger - DEBUG - Lock from: 22:15 to 6:0
2017-03-25 00:52:14,637 - logger - DEBUG - Now: 21:0
2017-03-25 00:52:14,637 - logger - DEBUG - Lock from: 22:15 to 6:0
2017-03-25 00:52:14,637 - logger - DEBUG - Now: 21:52
2017-03-25 00:52:14,637 - logger - DEBUG - Lock from: 25 23:07 to 26 06:52
2017-03-25 00:52:14,637 - logger - DEBUG - Now: 22:0
2017-03-25 00:52:14,637 - logger - DEBUG - Lock from: 22:15 to 6:0
2017-03-25 00:52:14,638 - logger - DEBUG - Now: 22:52
2017-03-25 00:52:14,638 - logger - DEBUG - Lock from: 25 23:07 to 26 06:52
2017-03-25 00:52:14,638 - logger - DEBUG - Now: 22:30
2017-03-25 00:52:14,638 - logger - DEBUG - Lock from: 22:15 to 6:0
2017-03-25 00:52:14,638 - logger - DEBUG - Now: 23:22
2017-03-25 00:52:14,638 - logger - DEBUG - Lock from: 25 23:07 to 26 06:52
2017-03-25 00:52:14,638 - logger - DEBUG - Now: 23:0
2017-03-25 00:52:14,639 - logger - DEBUG - Lock from: 22:15 to 6:0
2017-03-25 00:52:14,639 - logger - DEBUG - Now: 23:52
2017-03-25 00:52:14,639 - logger - DEBUG - Lock from: 25 23:07 to 26 06:52
2017-03-25 00:52:14,639 - logger - DEBUG - Now: 1:0
2017-03-25 00:52:14,639 - logger - DEBUG - Lock from: 22:15 to 6:0
2017-03-25 00:52:14,639 - logger - DEBUG - Now: 01:52
2017-03-25 00:52:14,639 - logger - DEBUG - Lock from: 25 23:07 to 26 06:52
2017-03-25 00:53:17,155 - logger - DEBUG - Now: 21:0
2017-03-25 00:53:17,155 - logger - DEBUG - Lock from: 22:15 to 6:0
2017-03-25 00:53:17,156 - logger - DEBUG - Now: 21:53
2017-03-25 00:53:17,156 - logger - DEBUG - Lock from: 25 23:08 to 26 06:53
2017-03-25 00:53:17,156 - logger - DEBUG - Now: 22:0
2017-03-25 00:53:17,156 - logger - DEBUG - Lock from: 22:15 to 6:0
2017-03-25 00:53:17,156 - logger - DEBUG - Now: 22:53
2017-03-25 00:53:17,157 - logger - DEBUG - Lock from: 25 23:08 to 26 06:53
2017-03-25 00:53:17,157 - logger - DEBUG - Now: 22:30
2017-03-25 00:53:17,157 - logger - DEBUG - Lock from: 22:15 to 6:0
2017-03-25 00:53:17,157 - logger - DEBUG - Now: 23:23
2017-03-25 00:53:17,157 - logger - DEBUG - Lock from: 25 23:08 to 26 06:53
2017-03-25 00:53:17,157 - logger - DEBUG - Now: 23:0
2017-03-25 00:53:17,157 - logger - DEBUG - Lock from: 22:15 to 6:0
2017-03-25 00:53:17,158 - logger - DEBUG - Now: 23:53
2017-03-25 00:53:17,158 - logger - DEBUG - Lock from: 25 23:08 to 26 06:53
2017-03-25 00:53:17,158 - logger - DEBUG - Now: 1:0
2017-03-25 00:53:17,158 - logger - DEBUG - Lock from: 22:15 to 6:0
2017-03-25 00:53:17,158 - logger - DEBUG - Now: 01:53
2017-03-25 00:53:17,158 - logger - DEBUG - Lock from: 25 23:08 to 26 06:53
2017-03-25 00:53:45,093 - logger - DEBUG - Now: 21:0
2017-03-25 00:53:45,093 - logger - DEBUG - Lock from: 22:15 to 6:0
2017-03-25 00:53:45,094 - logger - DEBUG - Now: 21:53
2017-03-25 00:53:45,094 - logger - DEBUG - Lock from: 25 23:08 to 26 06:53
2017-03-25 00:53:45,094 - logger - DEBUG - Now: 22:0
2017-03-25 00:53:45,094 - logger - DEBUG - Lock from: 22:15 to 6:0
2017-03-25 00:53:45,094 - logger - DEBUG - Now: 22:53
2017-03-25 00:53:45,095 - logger - DEBUG - Lock from: 25 23:08 to 26 06:53
2017-03-25 00:53:45,095 - logger - DEBUG - Now: 22:30
2017-03-25 00:53:45,095 - logger - DEBUG - Lock from: 22:15 to 6:0
2017-03-25 00:53:45,095 - logger - DEBUG - Now: 23:23
2017-03-25 00:53:45,095 - logger - DEBUG - Lock from: 25 23:08 to 26 06:53
2017-03-25 00:53:45,095 - logger - DEBUG - Now: 23:0
2017-03-25 00:53:45,096 - logger - DEBUG - Lock from: 22:15 to 6:0
2017-03-25 00:53:45,096 - logger - DEBUG - Now: 23:53
2017-03-25 00:53:45,096 - logger - DEBUG - Lock from: 25 23:08 to 26 06:53
2017-03-25 00:53:45,096 - logger - DEBUG - Now: 1:0
2017-03-25 00:53:45,096 - logger - DEBUG - Lock from: 22:15 to 6:0
2017-03-25 00:53:45,097 - logger - DEBUG - Now: 01:53
2017-03-25 00:53:45,097 - logger - DEBUG - Lock from: 25 23:08 to 26 06:53
2017-03-25 00:54:16,464 - logger - DEBUG - Now: 21:0
2017-03-25 00:54:16,465 - logger - DEBUG - Lock from: 22:15 to 6:0
2017-03-25 00:54:16,465 - logger - DEBUG - Now: 21:00
2017-03-25 00:54:16,465 - logger - DEBUG - Lock from: 25 22:15 to 26 06:00
2017-03-25 00:54:16,465 - logger - DEBUG - Now: 22:0
2017-03-25 00:54:16,465 - logger - DEBUG - Lock from: 22:15 to 6:0
2017-03-25 00:54:16,465 - logger - DEBUG - Now: 22:00
2017-03-25 00:54:16,466 - logger - DEBUG - Lock from: 25 22:15 to 26 06:00
2017-03-25 00:54:16,466 - logger - DEBUG - Now: 22:30
2017-03-25 00:54:16,466 - logger - DEBUG - Lock from: 22:15 to 6:0
2017-03-25 00:54:16,466 - logger - DEBUG - Now: 22:30
2017-03-25 00:54:16,467 - logger - DEBUG - Lock from: 25 22:15 to 26 06:00
2017-03-25 00:54:16,467 - logger - DEBUG - Now: 23:0
2017-03-25 00:54:16,467 - logger - DEBUG - Lock from: 22:15 to 6:0
2017-03-25 00:54:16,467 - logger - DEBUG - Now: 23:00
2017-03-25 00:54:16,467 - logger - DEBUG - Lock from: 25 22:15 to 26 06:00
2017-03-25 00:54:16,467 - logger - DEBUG - Now: 1:0
2017-03-25 00:54:16,467 - logger - DEBUG - Lock from: 22:15 to 6:0
2017-03-25 00:54:16,468 - logger - DEBUG - Now: 01:00
2017-03-25 00:54:16,468 - logger - DEBUG - Lock from: 25 22:15 to 26 06:00
2017-03-25 00:54:33,926 - logger - DEBUG - Now: 21:0
2017-03-25 00:54:33,926 - logger - DEBUG - Lock from: 22:15 to 6:0
2017-03-25 00:54:33,926 - logger - DEBUG - Now: 21:00
2017-03-25 00:54:33,926 - logger - DEBUG - Lock from: 25 22:15 to 26 06:00
2017-03-25 00:54:33,926 - logger - DEBUG - Now: 22:0
2017-03-25 00:54:33,926 - logger - DEBUG - Lock from: 22:15 to 6:0
2017-03-25 00:54:33,926 - logger - DEBUG - Now: 22:00
2017-03-25 00:54:33,927 - logger - DEBUG - Lock from: 25 22:15 to 26 06:00
2017-03-25 00:54:33,927 - logger - DEBUG - Now: 22:30
2017-03-25 00:54:33,927 - logger - DEBUG - Lock from: 22:15 to 6:0
2017-03-25 00:54:33,927 - logger - DEBUG - Now: 22:30
2017-03-25 00:54:33,927 - logger - DEBUG - Lock from: 25 22:15 to 26 06:00
2017-03-25 00:54:33,927 - logger - DEBUG - Now: 23:0
2017-03-25 00:54:33,927 - logger - DEBUG - Lock from: 22:15 to 6:0
2017-03-25 00:54:33,928 - logger - DEBUG - Now: 23:00
2017-03-25 00:54:33,928 - logger - DEBUG - Lock from: 25 22:15 to 26 06:00
2017-03-25 00:54:33,928 - logger - DEBUG - Now: 1:0
2017-03-25 00:54:33,928 - logger - DEBUG - Lock from: 22:15 to 6:0
2017-03-25 00:54:33,928 - logger - DEBUG - Now: 01:00
2017-03-25 00:54:33,928 - logger - DEBUG - Lock from: 25 22:15 to 26 06:00
2017-03-25 00:56:47,214 - logger - DEBUG - Now: 21:0
2017-03-25 00:56:47,214 - logger - DEBUG - Lock from: 22:15 to 6:0
2017-03-25 00:56:47,214 - logger - DEBUG - Now: 21:00
2017-03-25 00:56:47,214 - logger - DEBUG - Lock from: 24 22:15 to 26 06:00
2017-03-25 00:59:01,071 - logger - DEBUG - Now: 21:0
2017-03-25 00:59:01,071 - logger - DEBUG - Lock from: 22:15 to 6:0
2017-03-25 00:59:01,071 - logger - DEBUG - Now: 21:00
2017-03-25 00:59:01,071 - logger - DEBUG - Lock from: 25 22:15 to 26 06:00
2017-03-25 00:59:01,072 - logger - DEBUG - Now: 22:0
2017-03-25 00:59:01,072 - logger - DEBUG - Lock from: 22:15 to 6:0
2017-03-25 00:59:01,072 - logger - DEBUG - Now: 22:00
2017-03-25 00:59:01,072 - logger - DEBUG - Lock from: 25 22:15 to 26 06:00
2017-03-25 00:59:01,072 - logger - DEBUG - Now: 22:30
2017-03-25 00:59:01,072 - logger - DEBUG - Lock from: 22:15 to 6:0
2017-03-25 00:59:01,072 - logger - DEBUG - Now: 22:30
2017-03-25 00:59:01,073 - logger - DEBUG - Lock from: 25 22:15 to 26 06:00
2017-03-25 00:59:01,073 - logger - DEBUG - Now: 23:0
2017-03-25 00:59:01,073 - logger - DEBUG - Lock from: 22:15 to 6:0
2017-03-25 00:59:01,073 - logger - DEBUG - Now: 23:00
2017-03-25 00:59:01,073 - logger - DEBUG - Lock from: 25 22:15 to 26 06:00
2017-03-25 00:59:01,073 - logger - DEBUG - Now: 1:0
2017-03-25 00:59:01,073 - logger - DEBUG - Lock from: 22:15 to 6:0
2017-03-25 00:59:01,074 - logger - DEBUG - Now: 01:00
2017-03-25 00:59:01,074 - logger - DEBUG - Lock from: 25 22:15 to 26 06:00
2017-03-25 00:59:41,680 - logger - DEBUG - Now: 21:0
2017-03-25 00:59:41,681 - logger - DEBUG - Lock from: 22:15 to 6:0
2017-03-25 00:59:41,681 - logger - DEBUG - Now: 21:00
2017-03-25 00:59:41,681 - logger - DEBUG - Lock from: 25 22:15 to 26 06:00
2017-03-25 00:59:41,681 - logger - DEBUG - Now: 22:0
2017-03-25 00:59:41,681 - logger - DEBUG - Lock from: 22:15 to 6:0
2017-03-25 00:59:41,681 - logger - DEBUG - Now: 22:00
2017-03-25 00:59:41,682 - logger - DEBUG - Lock from: 25 22:15 to 26 06:00
2017-03-25 00:59:41,682 - logger - DEBUG - Now: 22:30
2017-03-25 00:59:41,682 - logger - DEBUG - Lock from: 22:15 to 6:0
2017-03-25 00:59:41,682 - logger - DEBUG - Now: 22:30
2017-03-25 00:59:41,682 - logger - DEBUG - Lock from: 25 22:15 to 26 06:00
2017-03-25 00:59:41,682 - logger - DEBUG - Now: 23:0
2017-03-25 00:59:41,682 - logger - DEBUG - Lock from: 22:15 to 6:0
2017-03-25 00:59:41,683 - logger - DEBUG - Now: 23:00
2017-03-25 00:59:41,683 - logger - DEBUG - Lock from: 25 22:15 to 26 06:00
2017-03-25 00:59:41,683 - logger - DEBUG - Now: 1:0
2017-03-25 00:59:41,683 - logger - DEBUG - Lock from: 22:15 to 6:0
2017-03-25 00:59:41,683 - logger - DEBUG - Now: 01:00
2017-03-25 00:59:41,683 - logger - DEBUG - Lock from: 25 22:15 to 26 06:00
2017-03-25 08:52:35,918 - logger - DEBUG - Now: 21:0
2017-03-25 08:52:35,918 - logger - DEBUG - Lock from: 22:15 to 6:0
2017-03-25 08:52:35,919 - logger - DEBUG - Now: 22:0
2017-03-25 08:52:35,919 - logger - DEBUG - Lock from: 22:15 to 6:0
2017-03-25 08:52:35,919 - logger - DEBUG - Now: 22:30
2017-03-25 08:52:35,919 - logger - DEBUG - Lock from: 22:15 to 6:0
2017-03-25 08:52:35,919 - logger - DEBUG - Now: 23:0
2017-03-25 08:52:35,919 - logger - DEBUG - Lock from: 22:15 to 6:0
2017-03-25 08:52:35,920 - logger - DEBUG - Now: 1:0
2017-03-25 08:52:35,920 - logger - DEBUG - Lock from: 22:15 to 6:0
2017-03-25 08:52:35,920 - logger - DEBUG - Now: 5:45
2017-03-25 08:52:35,920 - logger - DEBUG - Lock from: 22:15 to 6:0
2017-03-25 08:52:35,920 - logger - DEBUG - Now: 6:15
2017-03-25 08:52:35,920 - logger - DEBUG - Lock from: 22:15 to 6:0
2017-03-25 08:52:35,920 - logger - DEBUG - Now: 7:45
2017-03-25 08:52:35,921 - logger - DEBUG - Lock from: 22:15 to 6:0
2017-03-25 08:52:35,921 - logger - DEBUG - Now: 15:45
2017-03-25 08:52:35,921 - logger - DEBUG - Lock from: 16:10 to 18:30
2017-03-25 08:52:35,921 - logger - DEBUG - Now: 16:0
2017-03-25 08:52:35,921 - logger - DEBUG - Lock from: 16:10 to 18:30
2017-03-25 08:52:35,921 - logger - DEBUG - Now: 16:30
2017-03-25 08:52:35,921 - logger - DEBUG - Lock from: 16:10 to 18:30
2017-03-25 08:52:35,921 - logger - DEBUG - Now: 17:45
2017-03-25 08:52:35,922 - logger - DEBUG - Lock from: 16:10 to 18:30
2017-03-25 08:52:35,922 - logger - DEBUG - Now: 18:0
2017-03-25 08:52:35,922 - logger - DEBUG - Lock from: 16:10 to 18:30
2017-03-25 08:52:35,922 - logger - DEBUG - Now: 18:45
2017-03-25 08:52:35,922 - logger - DEBUG - Lock from: 16:10 to 18:30
2017-03-25 08:52:35,922 - logger - DEBUG - Now: 19:0
2017-03-25 08:52:35,923 - logger - DEBUG - Lock from: 16:10 to 18:30
2017-03-25 08:52:35,923 - logger - DEBUG - Now: 16:0
2017-03-25 08:52:35,923 - logger - DEBUG - Lock from: 16:10 to 16:30
2017-03-25 08:56:43,856 - logger - DEBUG - Now: 21:0
2017-03-25 08:56:43,856 - logger - DEBUG - Lock from: 22:15 to 6:0
2017-03-25 08:56:43,856 - logger - DEBUG - Now: 22:0
2017-03-25 08:56:43,856 - logger - DEBUG - Lock from: 22:15 to 6:0
2017-03-25 08:56:43,856 - logger - DEBUG - Now: 22:30
2017-03-25 08:56:43,857 - logger - DEBUG - Lock from: 22:15 to 6:0
2017-03-25 08:56:43,857 - logger - DEBUG - Now: 23:0
2017-03-25 08:56:43,857 - logger - DEBUG - Lock from: 22:15 to 6:0
2017-03-25 08:56:43,857 - logger - DEBUG - Now: 1:0
2017-03-25 08:56:43,857 - logger - DEBUG - Lock from: 22:15 to 6:0
2017-03-25 08:56:43,857 - logger - DEBUG - Now: 5:45
2017-03-25 08:56:43,857 - logger - DEBUG - Lock from: 22:15 to 6:0
2017-03-25 08:56:43,858 - logger - DEBUG - Now: 6:15
2017-03-25 08:56:43,858 - logger - DEBUG - Lock from: 22:15 to 6:0
2017-03-25 08:56:43,858 - logger - DEBUG - Now: 7:45
2017-03-25 08:56:43,858 - logger - DEBUG - Lock from: 22:15 to 6:0
2017-03-25 08:56:43,858 - logger - DEBUG - Now: 15:45
2017-03-25 08:56:43,858 - logger - DEBUG - Lock from: 16:10 to 18:30
2017-03-25 08:56:43,858 - logger - DEBUG - Now: 16:0
2017-03-25 08:56:43,859 - logger - DEBUG - Lock from: 16:10 to 18:30
2017-03-25 08:56:43,859 - logger - DEBUG - Now: 16:30
2017-03-25 08:56:43,859 - logger - DEBUG - Lock from: 16:10 to 18:30
2017-03-25 08:56:43,859 - logger - DEBUG - Now: 17:45
2017-03-25 08:56:43,859 - logger - DEBUG - Lock from: 16:10 to 18:30
2017-03-25 08:56:43,859 - logger - DEBUG - Now: 18:0
2017-03-25 08:56:43,859 - logger - DEBUG - Lock from: 16:10 to 18:30
2017-03-25 08:56:43,861 - logger - DEBUG - Now: 18:45
2017-03-25 08:56:43,861 - logger - DEBUG - Lock from: 16:10 to 18:30
2017-03-25 08:56:43,862 - logger - DEBUG - Now: 19:0
2017-03-25 08:56:43,862 - logger - DEBUG - Lock from: 16:10 to 18:30
2017-03-25 08:56:43,862 - logger - DEBUG - Now: 16:0
2017-03-25 08:56:43,862 - logger - DEBUG - Lock from: 16:10 to 16:30
2017-03-25 08:57:30,601 - logger - DEBUG - Now: 21:0
2017-03-25 08:57:30,601 - logger - DEBUG - Lock from: 22:15 to 6:0
2017-03-25 08:57:30,601 - logger - DEBUG - Now: 22:0
2017-03-25 08:57:30,602 - logger - DEBUG - Lock from: 22:15 to 6:0
2017-03-25 08:57:30,602 - logger - DEBUG - Now: 22:30
2017-03-25 08:57:30,602 - logger - DEBUG - Lock from: 22:15 to 6:0
2017-03-25 08:57:30,602 - logger - DEBUG - Now: 23:0
2017-03-25 08:57:30,602 - logger - DEBUG - Lock from: 22:15 to 6:0
2017-03-25 08:57:30,603 - logger - DEBUG - Now: 1:0
2017-03-25 08:57:30,603 - logger - DEBUG - Lock from: 22:15 to 6:0
2017-03-25 08:57:30,603 - logger - DEBUG - Now: 5:45
2017-03-25 08:57:30,603 - logger - DEBUG - Lock from: 22:15 to 6:0
2017-03-25 08:57:30,603 - logger - DEBUG - Now: 6:15
2017-03-25 08:57:30,603 - logger - DEBUG - Lock from: 22:15 to 6:0
2017-03-25 08:57:30,603 - logger - DEBUG - Now: 7:45
2017-03-25 08:57:30,603 - logger - DEBUG - Lock from: 22:15 to 6:0
2017-03-25 08:57:30,604 - logger - DEBUG - Now: 15:45
2017-03-25 08:57:30,604 - logger - DEBUG - Lock from: 16:10 to 18:30
2017-03-25 08:57:30,604 - logger - DEBUG - Now: 16:0
2017-03-25 08:57:30,604 - logger - DEBUG - Lock from: 16:10 to 18:30
2017-03-25 08:57:30,604 - logger - DEBUG - Now: 16:30
2017-03-25 08:57:30,604 - logger - DEBUG - Lock from: 16:10 to 18:30
2017-03-25 08:57:30,604 - logger - DEBUG - Now: 17:45
2017-03-25 08:57:30,605 - logger - DEBUG - Lock from: 16:10 to 18:30
2017-03-25 08:57:30,605 - logger - DEBUG - Now: 18:0
2017-03-25 08:57:30,605 - logger - DEBUG - Lock from: 16:10 to 18:30
2017-03-25 08:57:30,605 - logger - DEBUG - Now: 18:45
2017-03-25 08:57:30,605 - logger - DEBUG - Lock from: 16:10 to 18:30
2017-03-25 08:57:30,605 - logger - DEBUG - Now: 19:0
2017-03-25 08:57:30,605 - logger - DEBUG - Lock from: 16:10 to 18:30
2017-03-25 08:57:30,606 - logger - DEBUG - Now: 16:0
2017-03-25 08:57:30,606 - logger - DEBUG - Lock from: 16:10 to 16:30
2017-03-25 08:57:30,606 - logger - DEBUG - Now: 16:25
2017-03-25 08:57:30,606 - logger - DEBUG - Lock from: 16:10 to 16:30
2017-03-25 08:57:30,606 - logger - DEBUG - Now: 16:45
2017-03-25 08:57:30,606 - logger - DEBUG - Lock from: 16:10 to 16:30
2017-03-25 08:58:12,647 - logger - DEBUG - Now: 21:0
2017-03-25 08:58:12,647 - logger - DEBUG - Lock from: 22:15 to 6:0
2017-03-25 08:58:12,647 - logger - DEBUG - Now: 22:0
2017-03-25 08:58:12,648 - logger - DEBUG - Lock from: 22:15 to 6:0
2017-03-25 08:58:12,648 - logger - DEBUG - Now: 22:30
2017-03-25 08:58:12,648 - logger - DEBUG - Lock from: 22:15 to 6:0
2017-03-25 08:58:12,648 - logger - DEBUG - Now: 23:0
2017-03-25 08:58:12,648 - logger - DEBUG - Lock from: 22:15 to 6:0
2017-03-25 08:58:12,648 - logger - DEBUG - Now: 1:0
2017-03-25 08:58:12,648 - logger - DEBUG - Lock from: 22:15 to 6:0
2017-03-25 08:58:12,649 - logger - DEBUG - Now: 5:45
2017-03-25 08:58:12,649 - logger - DEBUG - Lock from: 22:15 to 6:0
2017-03-25 08:58:12,649 - logger - DEBUG - Now: 6:15
2017-03-25 08:58:12,649 - logger - DEBUG - Lock from: 22:15 to 6:0
2017-03-25 08:58:12,650 - logger - DEBUG - Now: 7:45
2017-03-25 08:58:12,650 - logger - DEBUG - Lock from: 22:15 to 6:0
2017-03-25 08:58:12,651 - logger - DEBUG - Now: 15:45
2017-03-25 08:58:12,654 - logger - DEBUG - Lock from: 16:10 to 18:30
2017-03-25 08:58:12,655 - logger - DEBUG - Now: 16:0
2017-03-25 08:58:12,655 - logger - DEBUG - Lock from: 16:10 to 18:30
2017-03-25 08:58:12,655 - logger - DEBUG - Now: 16:30
2017-03-25 08:58:12,656 - logger - DEBUG - Lock from: 16:10 to 18:30
2017-03-25 08:58:12,656 - logger - DEBUG - Now: 17:45
2017-03-25 08:58:12,656 - logger - DEBUG - Lock from: 16:10 to 18:30
2017-03-25 08:58:12,656 - logger - DEBUG - Now: 18:0
2017-03-25 08:58:12,656 - logger - DEBUG - Lock from: 16:10 to 18:30
2017-03-25 08:58:12,656 - logger - DEBUG - Now: 18:45
2017-03-25 08:58:12,657 - logger - DEBUG - Lock from: 16:10 to 18:30
2017-03-25 08:58:12,657 - logger - DEBUG - Now: 19:0
2017-03-25 08:58:12,658 - logger - DEBUG - Lock from: 16:10 to 18:30
2017-03-25 08:58:12,658 - logger - DEBUG - Now: 16:0
2017-03-25 08:58:12,659 - logger - DEBUG - Lock from: 16:10 to 16:30
2017-03-25 08:58:12,659 - logger - DEBUG - Now: 16:25
2017-03-25 08:58:12,659 - logger - DEBUG - Lock from: 16:10 to 16:30
2017-03-25 08:58:12,659 - logger - DEBUG - Now: 16:45
2017-03-25 08:58:12,659 - logger - DEBUG - Lock from: 16:10 to 16:30
2017-07-24 21:21:45,850 - logger - INFO - Running...
2017-07-24 21:22:12,289 - logger - INFO - Doorbell!
2017-07-24 21:22:12,290 - logger - DEBUG - State: auto
2017-07-24 21:22:12,291 - logger - DEBUG - Now: 21:22
2017-07-24 21:22:12,292 - logger - DEBUG - Lock from: 22:15 to 9:0
2017-07-24 21:22:12,292 - logger - DEBUG - Time control 1: ok
2017-07-24 21:22:29,250 - logger - INFO - Doorbell!
2017-07-24 21:22:29,251 - logger - DEBUG - State: auto
2017-07-24 21:22:29,252 - logger - DEBUG - Now: 21:22
2017-07-24 21:22:29,252 - logger - DEBUG - Lock from: 2:15 to 9:0
2017-07-24 21:22:29,253 - logger - DEBUG - Time control 1: ok
2017-07-24 21:22:52,188 - logger - INFO - Doorbell!
2017-07-24 21:22:52,189 - logger - DEBUG - State: auto
2017-07-24 21:22:52,190 - logger - DEBUG - Now: 21:22
2017-07-24 21:22:52,191 - logger - DEBUG - Lock from: 21:15 to 9:0
2017-07-24 21:22:52,192 - logger - DEBUG - Time control: disabled
2017-07-24 21:22:53,931 - logger - INFO - Doorbell!
2017-07-24 21:22:53,932 - logger - DEBUG - State: auto
2017-07-24 21:22:53,933 - logger - DEBUG - Now: 21:22
2017-07-24 21:22:53,934 - logger - DEBUG - Lock from: 21:15 to 9:0
2017-07-24 21:22:53,935 - logger - DEBUG - Time control: disabled
2017-07-24 21:23:04,990 - logger - INFO - Doorbell!
2017-07-24 21:23:04,990 - logger - DEBUG - State: auto
2017-07-24 21:23:04,991 - logger - DEBUG - Now: 21:23
2017-07-24 21:23:04,992 - logger - DEBUG - Lock from: 22:15 to 9:0
2017-07-24 21:23:04,993 - logger - DEBUG - Time control 1: ok
